<?xml version="1.0" encoding="UTF-8"?>
<testsuite name="com.backbase.game.GameApplicationTests" tests="1" skipped="0" failures="0" errors="0" timestamp="2019-09-19T18:15:43" hostname="andresgomez-ltm.internal.salesforce.com" time="0.21">
  <properties/>
  <testcase name="contextLoads" classname="com.backbase.game.GameApplicationTests" time="0.21"/>
  <system-out><![CDATA[13:15:41.818 [Test worker] DEBUG org.springframework.test.context.junit4.SpringJUnit4ClassRunner - SpringJUnit4ClassRunner constructor called with [class com.backbase.game.GameApplicationTests]
13:15:41.825 [Test worker] DEBUG org.springframework.test.context.BootstrapUtils - Instantiating CacheAwareContextLoaderDelegate from class [org.springframework.test.context.cache.DefaultCacheAwareContextLoaderDelegate]
13:15:41.832 [Test worker] DEBUG org.springframework.test.context.BootstrapUtils - Instantiating BootstrapContext using constructor [public org.springframework.test.context.support.DefaultBootstrapContext(java.lang.Class,org.springframework.test.context.CacheAwareContextLoaderDelegate)]
13:15:41.848 [Test worker] DEBUG org.springframework.test.context.BootstrapUtils - Instantiating TestContextBootstrapper for test class [com.backbase.game.GameApplicationTests] from class [org.springframework.boot.test.context.SpringBootTestContextBootstrapper]
13:15:41.859 [Test worker] INFO org.springframework.boot.test.context.SpringBootTestContextBootstrapper - Neither @ContextConfiguration nor @ContextHierarchy found for test class [com.backbase.game.GameApplicationTests], using SpringBootContextLoader
13:15:41.862 [Test worker] DEBUG org.springframework.test.context.support.AbstractContextLoader - Did not detect default resource location for test class [com.backbase.game.GameApplicationTests]: class path resource [com/backbase/game/GameApplicationTests-context.xml] does not exist
13:15:41.863 [Test worker] DEBUG org.springframework.test.context.support.AbstractContextLoader - Did not detect default resource location for test class [com.backbase.game.GameApplicationTests]: class path resource [com/backbase/game/GameApplicationTestsContext.groovy] does not exist
13:15:41.863 [Test worker] INFO org.springframework.test.context.support.AbstractContextLoader - Could not detect default resource locations for test class [com.backbase.game.GameApplicationTests]: no resource found for suffixes {-context.xml, Context.groovy}.
13:15:41.863 [Test worker] INFO org.springframework.test.context.support.AnnotationConfigContextLoaderUtils - Could not detect default configuration classes for test class [com.backbase.game.GameApplicationTests]: GameApplicationTests does not declare any static, non-private, non-final, nested classes annotated with @Configuration.
13:15:41.903 [Test worker] DEBUG org.springframework.test.context.support.ActiveProfilesUtils - Could not find an 'annotation declaring class' for annotation type [org.springframework.test.context.ActiveProfiles] and class [com.backbase.game.GameApplicationTests]
13:15:41.966 [Test worker] DEBUG org.springframework.context.annotation.ClassPathScanningCandidateComponentProvider - Identified candidate component class: file [/Users/andres.gomez/Documents/backbase/build/classes/java/main/com/backbase/game/GameApplication.class]
13:15:41.967 [Test worker] INFO org.springframework.boot.test.context.SpringBootTestContextBootstrapper - Found @SpringBootConfiguration com.backbase.game.GameApplication for test class com.backbase.game.GameApplicationTests
13:15:42.046 [Test worker] DEBUG org.springframework.boot.test.context.SpringBootTestContextBootstrapper - @TestExecutionListeners is not present for class [com.backbase.game.GameApplicationTests]: using defaults.
13:15:42.047 [Test worker] INFO org.springframework.boot.test.context.SpringBootTestContextBootstrapper - Loaded default TestExecutionListener class names from location [META-INF/spring.factories]: [org.springframework.boot.test.autoconfigure.restdocs.RestDocsTestExecutionListener, org.springframework.boot.test.autoconfigure.web.client.MockRestServiceServerResetTestExecutionListener, org.springframework.boot.test.autoconfigure.web.servlet.MockMvcPrintOnlyOnFailureTestExecutionListener, org.springframework.boot.test.autoconfigure.web.servlet.WebDriverTestExecutionListener, org.springframework.boot.test.mock.mockito.MockitoTestExecutionListener, org.springframework.boot.test.mock.mockito.ResetMocksTestExecutionListener, org.springframework.test.context.web.ServletTestExecutionListener, org.springframework.test.context.support.DirtiesContextBeforeModesTestExecutionListener, org.springframework.test.context.support.DependencyInjectionTestExecutionListener, org.springframework.test.context.support.DirtiesContextTestExecutionListener, org.springframework.test.context.transaction.TransactionalTestExecutionListener, org.springframework.test.context.jdbc.SqlScriptsTestExecutionListener]
13:15:42.059 [Test worker] DEBUG org.springframework.boot.test.context.SpringBootTestContextBootstrapper - Skipping candidate TestExecutionListener [org.springframework.test.context.transaction.TransactionalTestExecutionListener] due to a missing dependency. Specify custom listener classes or make the default listener classes and their required dependencies available. Offending class: [org/springframework/transaction/interceptor/TransactionAttributeSource]
13:15:42.059 [Test worker] DEBUG org.springframework.boot.test.context.SpringBootTestContextBootstrapper - Skipping candidate TestExecutionListener [org.springframework.test.context.jdbc.SqlScriptsTestExecutionListener] due to a missing dependency. Specify custom listener classes or make the default listener classes and their required dependencies available. Offending class: [org/springframework/transaction/interceptor/TransactionAttribute]
13:15:42.060 [Test worker] INFO org.springframework.boot.test.context.SpringBootTestContextBootstrapper - Using TestExecutionListeners: [org.springframework.test.context.web.ServletTestExecutionListener@2d19e, org.springframework.test.context.support.DirtiesContextBeforeModesTestExecutionListener@33abbe78, org.springframework.boot.test.mock.mockito.MockitoTestExecutionListener@163e95fe, org.springframework.boot.test.autoconfigure.SpringBootDependencyInjectionTestExecutionListener@71862a51, org.springframework.test.context.support.DirtiesContextTestExecutionListener@679e9bde, org.springframework.boot.test.autoconfigure.restdocs.RestDocsTestExecutionListener@928b12b, org.springframework.boot.test.autoconfigure.web.client.MockRestServiceServerResetTestExecutionListener@6bdb5495, org.springframework.boot.test.autoconfigure.web.servlet.MockMvcPrintOnlyOnFailureTestExecutionListener@2bcf3f1d, org.springframework.boot.test.autoconfigure.web.servlet.WebDriverTestExecutionListener@381c11d1, org.springframework.boot.test.mock.mockito.ResetMocksTestExecutionListener@74714e10]
13:15:42.063 [Test worker] DEBUG org.springframework.test.annotation.ProfileValueUtils - Retrieved @ProfileValueSourceConfiguration [null] for test class [com.backbase.game.GameApplicationTests]
13:15:42.064 [Test worker] DEBUG org.springframework.test.annotation.ProfileValueUtils - Retrieved ProfileValueSource type [class org.springframework.test.annotation.SystemProfileValueSource] for class [com.backbase.game.GameApplicationTests]
13:15:42.064 [Test worker] DEBUG org.springframework.test.annotation.ProfileValueUtils - Retrieved @ProfileValueSourceConfiguration [null] for test class [com.backbase.game.GameApplicationTests]
13:15:42.065 [Test worker] DEBUG org.springframework.test.annotation.ProfileValueUtils - Retrieved ProfileValueSource type [class org.springframework.test.annotation.SystemProfileValueSource] for class [com.backbase.game.GameApplicationTests]
13:15:42.069 [Test worker] DEBUG org.springframework.test.context.support.AbstractDirtiesContextTestExecutionListener - Before test class: context [DefaultTestContext@4ddbe7ca testClass = GameApplicationTests, testInstance = [null], testMethod = [null], testException = [null], mergedContextConfiguration = [WebMergedContextConfiguration@d603562 testClass = GameApplicationTests, locations = '{}', classes = '{class com.backbase.game.GameApplication}', contextInitializerClasses = '[]', activeProfiles = '{}', propertySourceLocations = '{}', propertySourceProperties = '{org.springframework.boot.test.context.SpringBootTestContextBootstrapper=true}', contextCustomizers = set[org.springframework.boot.test.autoconfigure.properties.PropertyMappingContextCustomizer@0, org.springframework.boot.test.autoconfigure.web.servlet.WebDriverContextCustomizerFactory$Customizer@34f389f8, org.springframework.boot.test.context.filter.ExcludeFilterContextCustomizer@34081bd7, org.springframework.boot.test.json.DuplicateJsonObjectContextCustomizerFactory$DuplicateJsonObjectContextCustomizer@233cddcf, org.springframework.boot.test.mock.mockito.MockitoContextCustomizer@0, org.springframework.boot.test.web.client.TestRestTemplateContextCustomizer@670db65a], resourceBasePath = 'src/main/webapp', contextLoader = 'org.springframework.boot.test.context.SpringBootContextLoader', parent = [null]], attributes = map['org.springframework.test.context.web.ServletTestExecutionListener.activateListener' -> true]], class annotated with @DirtiesContext [false] with mode [null].
13:15:42.069 [Test worker] DEBUG org.springframework.test.annotation.ProfileValueUtils - Retrieved @ProfileValueSourceConfiguration [null] for test class [com.backbase.game.GameApplicationTests]
13:15:42.069 [Test worker] DEBUG org.springframework.test.annotation.ProfileValueUtils - Retrieved ProfileValueSource type [class org.springframework.test.annotation.SystemProfileValueSource] for class [com.backbase.game.GameApplicationTests]
13:15:42.086 [Test worker] DEBUG org.springframework.test.context.support.TestPropertySourceUtils - Adding inlined properties to environment: {spring.jmx.enabled=false, org.springframework.boot.test.context.SpringBootTestContextBootstrapper=true, server.port=-1}

  .   ____          _            __ _ _
 /\\ / ___'_ __ _ _(_)_ __  __ _ \ \ \ \
( ( )\___ | '_ | '_| | '_ \/ _` | \ \ \ \
 \\/  ___)| |_)| | | | | || (_| |  ) ) ) )
  '  |____| .__|_| |_|_| |_\__, | / / / /
 =========|_|==============|___/=/_/_/_/
 :: Spring Boot ::        (v2.1.8.RELEASE)

2019-09-19 13:15:42.404  INFO 49523 --- [    Test worker] com.backbase.game.GameApplicationTests   : Starting GameApplicationTests on andresgomez-ltm.internal.salesforce.com with PID 49523 (started by andres.gomez in /Users/andres.gomez/Documents/backbase)
2019-09-19 13:15:42.405  INFO 49523 --- [    Test worker] com.backbase.game.GameApplicationTests   : No active profile set, falling back to default profiles: default
2019-09-19 13:15:43.480  INFO 49523 --- [    Test worker] o.s.s.concurrent.ThreadPoolTaskExecutor  : Initializing ExecutorService 'applicationTaskExecutor'
2019-09-19 13:15:43.707  INFO 49523 --- [    Test worker] com.backbase.game.GameApplicationTests   : Started GameApplicationTests in 1.613 seconds (JVM running for 2.388)
]]></system-out>
  <system-err><![CDATA[]]></system-err>
</testsuite>
